<?xml version="1.0" encoding="UTF-8"?>
<!-- Generated by org.testng.reporters.JUnitXMLReporter -->
<testsuite hostname="DESKTOP-P89GF0U" ignored="0" name="Test" tests="1" failures="1" timestamp="11 Jan 2021 10:12:10 GMT" time="32.064" errors="0">
  <testcase name="@AfterTest closebrowser" time="0.0" classname="Com.Generics.BaseClass">
    <failure type="java.lang.NullPointerException">
      <![CDATA[java.lang.NullPointerException
at Com.Generics.BaseClass.closebrowser(BaseClass.java:27)
... Removed 24 stack frames]]>
    </failure>
  </testcase> <!-- @AfterTest closebrowser -->
  <testcase name="test1" time="0.041" classname="Com.Test.HomePage_tc01">
    <failure type="java.lang.NullPointerException">
      <![CDATA[java.lang.NullPointerException
at org.openqa.selenium.support.pagefactory.DefaultElementLocator.findElement(DefaultElementLocator.java:69)
at org.openqa.selenium.support.pagefactory.internal.LocatingElementHandler.invoke(LocatingElementHandler.java:38)
at com.sun.proxy.$Proxy9.sendKeys(Unknown Source)
at Com.Test.HomePage_tc01.test1(HomePage_tc01.java:18)
... Removed 25 stack frames]]>
    </failure>
  </testcase> <!-- test1 -->
</testsuite> <!-- Test -->
